Linux 5.19.0-43-generic (ubuntu) 	06/09/2023 	_x86_64_	(6 CPU)

08:32:44 AM   UID       PID    %usr %system  %guest   %wait    %CPU   CPU  Command
08:32:45 AM     0     26477    0.00    0.00    0.00    0.00    0.00     1  quiche-server
08:32:46 AM     0     26477    0.00    0.00    0.00    0.00    0.00     1  quiche-server
08:32:47 AM     0     26477    0.00    0.00    0.00    0.00    0.00     1  quiche-server
08:32:48 AM     0     26477    0.00    0.00    0.00    0.00    0.00     1  quiche-server
08:32:49 AM     0     26477    0.00    0.00    0.00    0.00    0.00     1  quiche-server
08:32:50 AM     0     26477    0.00    0.00    0.00    0.00    0.00     1  quiche-server
08:32:51 AM     0     26477    0.00    3.33    0.00    0.00    3.33     2  quiche-server
08:32:52 AM     0     26477    1.98    4.95    0.00    3.96    6.93     2  quiche-server
08:32:53 AM     0     26477    4.00    2.00    0.00    0.00    6.00     1  quiche-server
08:32:54 AM     0     26477    1.98    1.98    0.00    2.97    3.96     2  quiche-server
08:32:55 AM     0     26477    4.00    3.00    0.00    1.00    7.00     5  quiche-server
08:32:56 AM     0     26477    2.97    3.96    0.00    1.98    6.93     2  quiche-server
08:32:57 AM     0     26477    4.00    1.00    0.00    3.00    5.00     4  quiche-server
08:32:58 AM     0     26477    3.00    2.00    0.00    0.00    5.00     5  quiche-server
08:32:59 AM     0     26477    3.00    1.00    0.00    2.00    4.00     5  quiche-server
08:33:00 AM     0     26477    3.00    2.00    0.00    2.00    5.00     2  quiche-server
08:33:01 AM     0     26477    1.98    1.98    0.00    0.99    3.96     1  quiche-server
08:33:02 AM     0     26477    2.00    1.00    0.00    0.00    3.00     3  quiche-server
08:33:03 AM     0     26477    4.00    1.00    0.00    1.00    5.00     2  quiche-server
08:33:04 AM     0     26477    4.00    3.00    0.00    2.00    7.00     2  quiche-server
08:33:05 AM     0     26477    4.00    2.00    0.00    1.00    6.00     3  quiche-server
08:33:06 AM     0     26477    2.97    1.98    0.00    3.96    4.95     2  quiche-server
08:33:07 AM     0     26477    2.00    2.00    0.00    1.00    4.00     4  quiche-server
08:33:08 AM     0     26477    2.00    1.00    0.00    0.00    3.00     2  quiche-server
08:33:09 AM     0     26477    3.96    1.98    0.00    0.99    5.94     0  quiche-server
08:33:10 AM     0     26477    5.00    2.00    0.00    1.00    7.00     4  quiche-server
08:33:11 AM     0     26477    3.00    1.00    0.00    3.00    4.00     5  quiche-server
08:33:12 AM     0     26477    4.00    2.00    0.00    0.00    6.00     4  quiche-server
08:33:14 AM     0     26477    2.94    0.98    0.00    0.00    3.92     2  quiche-server
08:33:14 AM     0     26477    3.03    0.00    0.00    1.01    3.03     1  quiche-server
08:33:15 AM     0     26477    3.00    1.00    0.00    1.00    4.00     2  quiche-server
08:33:17 AM     0     26477    0.00    0.00    0.00    0.00    0.00     2  quiche-server
08:33:17 AM     0     26477    0.00    0.00    0.00    0.00    0.00     2  quiche-server
08:33:19 AM     0     26477    0.00    0.00    0.00    0.00    0.00     2  quiche-server
Linux 5.19.0-43-generic (ubuntu) 	06/09/2023 	_x86_64_	(6 CPU)

08:37:18 AM   UID       PID    %usr %system  %guest   %wait    %CPU   CPU  Command
08:37:19 AM     0     26633    0.00    0.00    0.00    0.00    0.00     3  quiche-server
08:37:20 AM     0     26633    0.00    0.00    0.00    0.00    0.00     3  quiche-server
08:37:21 AM     0     26633    0.00    0.00    0.00    0.00    0.00     3  quiche-server
08:37:22 AM     0     26633    0.00    0.00    0.00    0.00    0.00     3  quiche-server
08:37:23 AM     0     26633    0.95    1.90    0.00    0.00    2.86     5  quiche-server
08:37:24 AM     0     26633    4.00    3.00    0.00    4.00    7.00     1  quiche-server
08:37:25 AM     0     26633    3.00    2.00    0.00    1.00    5.00     0  quiche-server
08:37:26 AM     0     26633    3.00    7.00    0.00    2.00   10.00     3  quiche-server
08:37:27 AM     0     26633    2.97    2.97    0.00    0.99    5.94     0  quiche-server
08:37:28 AM     0     26633    4.00    4.00    0.00    3.00    8.00     2  quiche-server
08:37:29 AM     0     26633    4.00    2.00    0.00    2.00    6.00     4  quiche-server
08:37:30 AM     0     26633    3.00    2.00    0.00    1.00    5.00     0  quiche-server
08:37:31 AM     0     26633    4.00    4.00    0.00    2.00    8.00     4  quiche-server
08:37:32 AM     0     26633    3.00    3.00    0.00    0.00    6.00     0  quiche-server
08:37:33 AM     0     26633    3.96    1.98    0.00    1.98    5.94     0  quiche-server
08:37:34 AM     0     26633    3.00    3.00    0.00    2.00    6.00     3  quiche-server
08:37:35 AM     0     26633    2.00    3.00    0.00    1.00    5.00     2  quiche-server
08:37:36 AM     0     26633    4.00    3.00    0.00    2.00    7.00     5  quiche-server
08:37:37 AM     0     26633    3.00    3.00    0.00    2.00    6.00     3  quiche-server
08:37:38 AM     0     26633    3.96    1.98    0.00    0.99    5.94     0  quiche-server
08:37:39 AM     0     26633    4.00    2.00    0.00    2.00    6.00     2  quiche-server
08:37:40 AM     0     26633    4.00    3.00    0.00    1.00    7.00     1  quiche-server
08:37:41 AM     0     26633    1.00    2.00    0.00    1.00    3.00     2  quiche-server
08:37:42 AM     0     26633    0.00    0.00    0.00    0.00    0.00     2  quiche-server
08:37:43 AM     0     26633    0.00    0.00    0.00    0.00    0.00     2  quiche-server
08:37:44 AM     0     26633    0.00    0.00    0.00    0.00    0.00     2  quiche-server
08:37:45 AM     0     26633    0.00    0.00    0.00    0.00    0.00     2  quiche-server
08:37:46 AM     0     26633    0.00    0.00    0.00    0.00    0.00     2  quiche-server
08:37:47 AM     0     26633    0.00    0.00    0.00    0.00    0.00     2  quiche-server
08:37:48 AM     0     26633    0.00    0.00    0.00    0.00    0.00     2  quiche-server
