Linux 5.19.0-43-generic (ubuntu) 	06/10/2023 	_x86_64_	(6 CPU)

05:14:04 AM   UID       PID    %usr %system  %guest   %wait    %CPU   CPU  Command
05:14:05 AM     0     30768    0.99    0.00    0.00    0.00    0.99     1  python3
05:14:06 AM     0     30768    0.00    0.00    0.00    0.00    0.00     1  python3
05:14:07 AM     0     30768    0.00    0.00    0.00    0.00    0.00     1  python3
05:14:08 AM     0     30768    0.00    0.00    0.00    0.00    0.00     1  python3
05:14:09 AM     0     30768    0.00    0.00    0.00    0.00    0.00     1  python3
05:14:10 AM     0     30768    0.00    0.00    0.00    0.00    0.00     1  python3
05:14:11 AM     0     30768    0.00    0.00    0.00    0.00    0.00     1  python3
05:14:12 AM     0     30768    1.00    2.00    0.00    0.00    3.00     2  python3
05:14:13 AM     0     30768    0.00    1.00    0.00    1.00    1.00     4  python3
05:14:14 AM     0     30768    0.00    1.00    0.00    0.00    1.00     3  python3
05:14:15 AM     0     30768    0.00    1.00    0.00    1.00    1.00     3  python3
05:14:16 AM     0     30768    0.00    1.00    0.00    0.00    1.00     4  python3
05:14:17 AM     0     30768    0.00    1.98    0.00    0.00    1.98     5  python3
05:14:18 AM     0     30768    0.00    0.00    0.00    0.00    0.00     5  python3
05:14:19 AM     0     30768    0.00    1.00    0.00    0.00    1.00     5  python3
05:14:20 AM     0     30768    0.00    1.00    0.00    1.00    1.00     2  python3
05:14:21 AM     0     30768    0.00    1.00    0.00    0.00    1.00     2  python3
05:14:22 AM     0     30768    1.00    0.00    0.00    0.00    1.00     0  python3
05:14:23 AM     0     30768    0.00    0.00    0.00    0.00    0.00     0  python3
05:14:24 AM     0     30768    0.00    1.98    0.00    0.00    1.98     0  python3
05:14:25 AM     0     30768    0.00    0.00    0.00    0.00    0.00     3  python3
05:14:26 AM     0     30768    0.00    1.00    0.00    0.00    1.00     5  python3
05:14:27 AM     0     30768    0.99    2.97    0.00    1.98    3.96     1  python3
05:14:28 AM     0     30768    0.00    1.00    0.00    1.00    1.00     1  python3
05:14:29 AM     0     30768    1.00    3.00    0.00    1.00    4.00     1  python3
05:14:30 AM     0     30768    0.00    2.00    0.00    0.00    2.00     1  python3
05:14:31 AM     0     30768    0.99    0.00    0.00    0.00    0.99     2  python3
05:14:32 AM     0     30768    0.00    1.00    0.00    0.00    1.00     5  python3
05:14:33 AM     0     30768    0.00    0.00    0.00    0.00    0.00     4  python3
05:14:34 AM     0     30768    0.00    0.00    0.00    0.00    0.00     5  python3
05:14:35 AM     0     30768    0.00    1.00    0.00    0.00    1.00     3  python3
05:14:36 AM     0     30768    0.00    2.00    0.00    1.00    2.00     5  python3
05:14:37 AM     0     30768    0.99    0.99    0.00    0.00    1.98     0  python3
05:14:38 AM     0     30768    0.00    0.00    0.00    0.00    0.00     2  python3
05:14:39 AM     0     30768    0.00    2.00    0.00    0.00    2.00     5  python3
05:14:40 AM     0     30768    0.00    0.00    0.00    0.00    0.00     0  python3
05:14:41 AM     0     30768    0.00    1.00    0.00    1.00    1.00     5  python3
05:14:42 AM     0     30768    0.00    3.00    0.00    0.00    3.00     1  python3
05:14:43 AM     0     30768    0.00    0.00    0.00    0.00    0.00     1  python3
05:14:44 AM     0     30768    0.00    0.00    0.00    0.00    0.00     1  python3
05:14:45 AM     0     30768    0.00    2.00    0.00    1.00    2.00     2  python3
05:14:46 AM     0     30768    0.00    2.00    0.00    1.00    2.00     1  python3
05:14:47 AM     0     30768    0.00    0.99    0.00    0.00    0.99     2  python3
05:14:48 AM     0     30768    0.00    2.00    0.00    0.00    2.00     3  python3
05:14:49 AM     0     30768    0.00    0.99    0.00    0.99    0.99     1  python3
05:14:50 AM     0     30768    1.00    0.00    0.00    0.00    1.00     0  python3
05:14:51 AM     0     30768    0.00    0.00    0.00    0.00    0.00     1  python3
05:14:52 AM     0     30768    0.00    1.00    0.00    0.00    1.00     1  python3
05:14:53 AM     0     30768    0.00    1.00    0.00    0.00    1.00     2  python3
05:14:54 AM     0     30768    0.00    0.00    0.00    0.00    0.00     4  python3
05:14:55 AM     0     30768    0.00    0.00    0.00    0.00    0.00     4  python3
05:14:56 AM     0     30768    0.00    0.00    0.00    0.00    0.00     3  python3
05:14:57 AM     0     30768    0.00    1.00    0.00    0.00    1.00     0  python3
05:14:58 AM     0     30768    0.00    0.99    0.00    0.00    0.99     2  python3
05:14:59 AM     0     30768    0.00    0.00    0.00    0.00    0.00     2  python3
05:15:00 AM     0     30768    0.00    0.99    0.00    0.00    0.99     4  python3
05:15:01 AM     0     30768    0.00    1.00    0.00    1.00    1.00     2  python3
05:15:02 AM     0     30768    0.00    2.00    0.00    0.00    2.00     0  python3
05:15:03 AM     0     30768    0.00    2.00    0.00    0.00    2.00     5  python3
05:15:04 AM     0     30768    0.00    2.00    0.00    0.00    2.00     2  python3
05:15:05 AM     0     30768    0.00    1.00    0.00    0.00    1.00     2  python3
05:15:06 AM     0     30768    0.00    1.00    0.00    1.00    1.00     5  python3
05:15:07 AM     0     30768    0.00    2.00    0.00    0.00    2.00     4  python3
05:15:08 AM     0     30768    0.99    0.00    0.00    0.99    0.99     5  python3
05:15:09 AM     0     30768    0.00    0.00    0.00    0.00    0.00     5  python3
05:15:10 AM     0     30768    0.00    0.00    0.00    0.00    0.00     5  python3
05:15:11 AM     0     30768    0.00    2.00    0.00    1.00    2.00     3  python3
05:15:12 AM     0     30768    1.00    1.00    0.00    0.00    2.00     0  python3
05:15:13 AM     0     30768    0.00    0.99    0.00    0.99    0.99     3  python3
05:15:14 AM     0     30768    0.00    0.00    0.00    0.00    0.00     3  python3
05:15:15 AM     0     30768    0.00    1.00    0.00    0.00    1.00     2  python3
05:15:16 AM     0     30768    0.00    0.00    0.00    1.00    0.00     2  python3
05:15:17 AM     0     30768    0.00    1.00    0.00    0.00    1.00     3  python3
05:15:18 AM     0     30768    0.00    1.00    0.00    0.00    1.00     4  python3
05:15:19 AM     0     30768    0.99    1.98    0.00    1.98    2.97     1  python3
05:15:20 AM     0     30768    0.00    1.00    0.00    0.00    1.00     1  python3
05:15:21 AM     0     30768    0.00    0.00    0.00    0.00    0.00     2  python3
05:15:22 AM     0     30768    0.00    0.99    0.00    0.00    0.99     2  python3
05:15:23 AM     0     30768    0.00    0.00    0.00    0.00    0.00     1  python3
05:15:24 AM     0     30768    0.00    1.00    0.00    0.00    1.00     2  python3
05:15:25 AM     0     30768    0.00    0.00    0.00    0.00    0.00     5  python3
05:15:26 AM     0     30768    0.99    0.99    0.00    0.00    1.98     0  python3
05:15:27 AM     0     30768    0.00    3.00    0.00    1.00    3.00     5  python3
05:15:28 AM     0     30768    0.00    1.00    0.00    0.00    1.00     2  python3
05:15:29 AM     0     30768    0.99    0.00    0.00    0.00    0.99     0  python3
05:15:30 AM     0     30768    0.00    2.00    0.00    1.00    2.00     4  python3
05:15:31 AM     0     30768    0.00    1.00    0.00    0.00    1.00     3  python3
05:15:32 AM     0     30768    0.00    0.99    0.00    0.00    0.99     5  python3
05:15:33 AM     0     30768    0.00    1.00    0.00    1.00    1.00     3  python3
05:15:34 AM     0     30768    0.00    2.00    0.00    0.00    2.00     2  python3
05:15:35 AM     0     30768    0.99    1.98    0.00    0.99    2.97     3  python3
05:15:36 AM     0     30768    0.00    0.00    0.00    0.00    0.00     5  python3
05:15:37 AM     0     30768    2.00    2.00    0.00    1.00    4.00     1  python3
05:15:38 AM     0     30768    0.00    0.00    0.00    0.00    0.00     2  python3
05:15:39 AM     0     30768    0.00    3.00    0.00    1.00    3.00     3  python3
05:15:40 AM     0     30768    1.00    1.00    0.00    0.00    2.00     1  python3
05:15:41 AM     0     30768    0.00    0.00    0.00    0.00    0.00     1  python3
05:15:42 AM     0     30768    0.00    1.00    0.00    0.00    1.00     0  python3
05:15:43 AM     0     30768    0.00    0.00    0.00    0.00    0.00     0  python3
05:15:44 AM     0     30768    0.00    0.00    0.00    0.00    0.00     0  python3
05:15:45 AM     0     30768    0.00    1.00    0.00    0.00    1.00     3  python3
05:15:46 AM     0     30768    0.00    0.00    0.00    0.00    0.00     3  python3
05:15:47 AM     0     30768    0.00    1.00    0.00    0.00    1.00     0  python3
05:15:48 AM     0     30768    0.00    0.00    0.00    0.00    0.00     5  python3
05:15:49 AM     0     30768    0.00    1.00    0.00    0.00    1.00     5  python3
05:15:50 AM     0     30768    0.00    1.00    0.00    0.00    1.00     5  python3
05:15:51 AM     0     30768    0.00    0.00    0.00    0.00    0.00     0  python3
05:15:52 AM     0     30768    0.00    0.00    0.00    0.00    0.00     0  python3
05:15:53 AM     0     30768    0.00    1.00    0.00    0.00    1.00     5  python3
05:15:54 AM     0     30768    0.99    0.00    0.00    0.99    0.99     5  python3
05:15:55 AM     0     30768    0.00    0.00    0.00    0.00    0.00     2  python3
05:15:56 AM     0     30768    0.99    0.99    0.00    0.00    1.98     2  python3
05:15:57 AM     0     30768    0.00    1.00    0.00    0.00    1.00     0  python3
05:15:58 AM     0     30768    0.00    0.00    0.00    0.00    0.00     3  python3
05:15:59 AM     0     30768    0.00    3.00    0.00    1.00    3.00     3  python3
05:16:00 AM     0     30768    1.00    1.00    0.00    0.00    2.00     1  python3
05:16:01 AM     0     30768    0.00    0.00    0.00    0.00    0.00     5  python3
05:16:02 AM     0     30768    0.00    1.00    0.00    0.00    1.00     2  python3
05:16:03 AM     0     30768    0.00    0.99    0.00    0.99    0.99     4  python3
05:16:04 AM     0     30768    1.00    1.00    0.00    0.00    2.00     4  python3
05:16:05 AM     0     30768    0.00    1.00    0.00    0.00    1.00     1  python3
05:16:06 AM     0     30768    0.00    0.00    0.00    0.99    0.00     2  python3
05:16:07 AM     0     30768    0.00    1.00    0.00    0.00    1.00     2  python3
05:16:08 AM     0     30768    0.00    1.00    0.00    0.00    1.00     3  python3
05:16:09 AM     0     30768    0.99    0.00    0.00    0.99    0.99     5  python3
05:16:10 AM     0     30768    0.00    3.00    0.00    1.00    3.00     1  python3
05:16:11 AM     0     30768    1.00    1.00    0.00    0.00    2.00     2  python3
05:16:12 AM     0     30768    0.00    0.99    0.00    0.99    0.99     2  python3
05:16:13 AM     0     30768    1.00    0.00    0.00    0.00    1.00     1  python3
05:16:14 AM     0     30768    0.00    2.00    0.00    0.00    2.00     0  python3
05:16:15 AM     0     30768    0.00    0.99    0.00    0.99    0.99     3  python3
05:16:16 AM     0     30768    0.00    1.00    0.00    1.00    1.00     0  python3
05:16:17 AM     0     30768    0.00    0.00    0.00    0.00    0.00     0  python3
05:16:18 AM     0     30768    1.00    1.00    0.00    0.00    2.00     2  python3
05:16:19 AM     0     30768    0.00    0.00    0.00    0.00    0.00     2  python3
05:16:20 AM     0     30768    0.00    1.00    0.00    0.00    1.00     0  python3
05:16:21 AM     0     30768    0.00    1.98    0.00    0.99    1.98     4  python3
05:16:22 AM     0     30768    0.00    0.00    0.00    0.00    0.00     5  python3
05:16:23 AM     0     30768    0.00    3.00    0.00    1.00    3.00     5  python3
05:16:24 AM     0     30768    1.00    1.00    0.00    0.00    2.00     1  python3
05:16:25 AM     0     30768    0.00    1.00    0.00    1.00    1.00     3  python3
05:16:26 AM     0     30768    0.99    1.98    0.00    0.99    2.97     4  python3
05:16:27 AM     0     30768    0.00    1.00    0.00    0.00    1.00     4  python3
05:16:28 AM     0     30768    0.00    1.00    0.00    0.00    1.00     4  python3
05:16:29 AM     0     30768    0.99    0.00    0.00    0.00    0.99     4  python3
05:16:30 AM     0     30768    0.00    1.00    0.00    1.00    1.00     5  python3
05:16:31 AM     0     30768    0.00    1.00    0.00    0.00    1.00     0  python3
05:16:32 AM     0     30768    0.00    2.00    0.00    0.00    2.00     2  python3
05:16:33 AM     0     30768    0.00    1.00    0.00    0.00    1.00     4  python3
05:16:34 AM     0     30768    1.00    1.00    0.00    0.00    2.00     5  python3
05:16:35 AM     0     30768    0.00    0.99    0.00    0.00    0.99     5  python3
05:16:36 AM     0     30768    0.00    3.00    0.00    1.00    3.00     5  python3
05:16:37 AM     0     30768    0.00    1.00    0.00    1.00    1.00     3  python3
05:16:38 AM     0     30768    1.00    1.00    0.00    0.00    2.00     0  python3
05:16:39 AM     0     30768    0.00    2.00    0.00    1.00    2.00     4  python3
05:16:40 AM     0     30768    1.00    0.00    0.00    0.00    1.00     2  python3
05:16:41 AM     0     30768    0.99    0.00    0.00    0.00    0.99     5  python3
05:16:42 AM     0     30768    0.00    1.00    0.00    0.00    1.00     1  python3
05:16:43 AM     0     30768    0.00    1.00    0.00    0.00    1.00     1  python3
05:16:44 AM     0     30768    0.00    0.00    0.00    0.00    0.00     4  python3
05:16:45 AM     0     30768    0.00    2.00    0.00    1.00    2.00     5  python3
05:16:46 AM     0     30768    0.00    1.00    0.00    0.00    1.00     0  python3
05:16:47 AM     0     30768    0.00    1.00    0.00    0.00    1.00     3  python3
05:16:48 AM     0     30768    0.00    2.00    0.00    0.00    2.00     4  python3
05:16:49 AM     0     30768    0.00    2.00    0.00    1.00    2.00     5  python3
05:16:50 AM     0     30768    0.00    0.00    0.00    0.00    0.00     0  python3
05:16:51 AM     0     30768    0.00    0.00    0.00    0.00    0.00     0  python3
05:16:52 AM     0     30768    0.00    0.00    0.00    0.00    0.00     0  python3
05:16:53 AM     0     30768    1.00    0.00    0.00    0.00    1.00     5  python3
05:16:54 AM     0     30768    0.00    1.00    0.00    0.00    1.00     4  python3
05:16:55 AM     0     30768    0.00    1.00    0.00    1.00    1.00     1  python3
05:16:56 AM     0     30768    0.00    0.00    0.00    0.00    0.00     1  python3
05:16:57 AM     0     30768    0.00    0.00    0.00    0.00    0.00     4  python3
05:16:58 AM     0     30768    0.00    1.00    0.00    0.00    1.00     4  python3
05:16:59 AM     0     30768    0.00    0.00    0.00    0.00    0.00     4  python3
05:17:00 AM     0     30768    0.00    0.99    0.00    0.00    0.99     4  python3
05:17:01 AM     0     30768    0.00    0.00    0.00    0.00    0.00     4  python3
05:17:02 AM     0     30768    0.00    1.00    0.00    0.00    1.00     2  python3
05:17:03 AM     0     30768    0.00    1.00    0.00    0.00    1.00     3  python3
05:17:04 AM     0     30768    0.00    1.98    0.00    0.99    1.98     2  python3
05:17:05 AM     0     30768    1.00    2.00    0.00    0.00    3.00     2  python3
05:17:06 AM     0     30768    0.00    0.00    0.00    1.00    0.00     2  python3
05:17:07 AM     0     30768    0.00    2.00    0.00    0.00    2.00     5  python3
05:17:08 AM     0     30768    0.00    2.00    0.00    0.00    2.00     2  python3
05:17:09 AM     0     30768    0.99    0.99    0.00    0.99    1.98     1  python3
05:17:10 AM     0     30768    0.00    1.00    0.00    1.00    1.00     5  python3
05:17:11 AM     0     30768    1.00    0.00    0.00    0.00    1.00     3  python3
05:17:12 AM     0     30768    1.00    0.00    0.00    0.00    1.00     4  python3
05:17:13 AM     0     30768    0.00    1.00    0.00    1.00    1.00     0  python3
05:17:14 AM     0     30768    0.00    0.00    0.00    0.00    0.00     1  python3
05:17:15 AM     0     30768    0.00    2.00    0.00    0.00    2.00     1  python3
05:17:16 AM     0     30768    0.00    0.00    0.00    0.00    0.00     3  python3
05:17:17 AM     0     30768    1.00    1.00    0.00    1.00    2.00     2  python3
05:17:18 AM     0     30768    0.00    1.00    0.00    0.00    1.00     1  python3
05:17:19 AM     0     30768    0.00    0.00    0.00    0.00    0.00     4  python3
05:17:20 AM     0     30768    1.00    0.00    0.00    0.00    1.00     1  python3
05:17:21 AM     0     30768    0.00    0.99    0.00    0.00    0.99     3  python3
05:17:22 AM     0     30768    0.00    3.00    0.00    1.00    3.00     0  python3
05:17:23 AM     0     30768    0.00    0.00    0.00    0.00    0.00     2  python3
05:17:24 AM     0     30768    0.00    3.00    0.00    0.00    3.00     2  python3
05:17:25 AM     0     30768    1.00    1.00    0.00    1.00    2.00     2  python3
05:17:26 AM     0     30768    0.00    0.99    0.00    0.00    0.99     4  python3
05:17:27 AM     0     30768    0.00    4.00    0.00    1.00    4.00     1  python3
05:17:28 AM     0     30768    0.00    1.00    0.00    1.00    1.00     4  python3
05:17:29 AM     0     30768    0.00    1.00    0.00    0.00    1.00     1  python3
05:17:30 AM     0     30768    0.00    1.98    0.00    0.00    1.98     0  python3
05:17:31 AM     0     30768    1.00    1.00    0.00    0.00    2.00     2  python3
05:17:32 AM     0     30768    0.00    0.00    0.00    0.00    0.00     2  python3
05:17:33 AM     0     30768    0.00    1.00    0.00    0.00    1.00     1  python3
05:17:34 AM     0     30768    0.00    0.00    0.00    0.00    0.00     3  python3
05:17:35 AM     0     30768    0.00    0.00    0.00    0.00    0.00     3  python3
05:17:36 AM     0     30768    0.99    1.98    0.00    0.00    2.97     5  python3
05:17:37 AM     0     30768    0.00    1.00    0.00    0.00    1.00     0  python3
05:17:38 AM     0     30768    0.00    1.00    0.00    1.00    1.00     4  python3
05:17:39 AM     0     30768    0.00    0.99    0.00    0.00    0.99     0  python3
05:17:40 AM     0     30768    1.00    0.00    0.00    1.00    1.00     1  python3
05:17:41 AM     0     30768    0.00    1.00    0.00    0.00    1.00     1  python3
05:17:42 AM     0     30768    1.00    0.00    0.00    0.00    1.00     3  python3
05:17:43 AM     0     30768    0.00    0.00    0.00    0.00    0.00     3  python3
05:17:44 AM     0     30768    1.00    0.00    0.00    0.00    1.00     0  python3
05:17:45 AM     0     30768    0.00    1.00    0.00    0.00    1.00     4  python3
05:17:46 AM     0     30768    0.00    0.00    0.00    0.00    0.00     2  python3
05:17:47 AM     0     30768    0.00    1.00    0.00    0.00    1.00     4  python3
05:17:48 AM     0     30768    0.00    0.00    0.00    0.00    0.00     1  python3
05:17:49 AM     0     30768    2.00    1.00    0.00    1.00    3.00     2  python3
05:17:50 AM     0     30768    0.00    4.00    0.00    0.00    4.00     2  python3
05:17:51 AM     0     30768    0.00    0.00    0.00    1.00    0.00     3  python3
05:17:52 AM     0     30768    0.00    0.00    0.00    0.00    0.00     3  python3
05:17:53 AM     0     30768    0.00    1.00    0.00    0.00    1.00     3  python3
05:17:54 AM     0     30768    2.00    0.00    0.00    0.00    2.00     4  python3
05:17:55 AM     0     30768    1.00    1.00    0.00    1.00    2.00     0  python3
05:17:56 AM     0     30768    0.00    2.00    0.00    0.00    2.00     5  python3
05:17:57 AM     0     30768    0.00    0.99    0.00    0.00    0.99     3  python3
05:17:58 AM     0     30768    0.00    1.98    0.00    0.99    1.98     4  python3
05:17:59 AM     0     30768    0.00    1.00    0.00    1.00    1.00     4  python3
05:18:00 AM     0     30768    0.00    1.00    0.00    1.00    1.00     0  python3
05:18:01 AM     0     30768    0.00    1.00    0.00    0.00    1.00     4  python3
05:18:02 AM     0     30768    0.99    0.99    0.00    0.00    1.98     4  python3
05:18:03 AM     0     30768    0.00    1.00    0.00    0.00    1.00     5  python3
05:18:04 AM     0     30768    0.00    1.00    0.00    0.00    1.00     0  python3
05:18:05 AM     0     30768    0.00    0.00    0.00    0.00    0.00     0  python3
05:18:06 AM     0     30768    0.00    0.00    0.00    0.00    0.00     0  python3
05:18:07 AM     0     30768    0.00    2.00    0.00    0.00    2.00     2  python3
05:18:08 AM     0     30768    0.00    2.00    0.00    0.00    2.00     4  python3
05:18:09 AM     0     30768    0.00    0.00    0.00    1.00    0.00     3  python3
05:18:10 AM     0     30768    0.00    1.00    0.00    0.00    1.00     0  python3
05:18:11 AM     0     30768    0.99    1.98    0.00    0.00    2.97     1  python3
05:18:12 AM     0     30768    0.00    1.00    0.00    0.00    1.00     5  python3
05:18:13 AM     0     30768    1.00    1.00    0.00    0.00    2.00     5  python3
05:18:14 AM     0     30768    0.00    0.00    0.00    0.00    0.00     5  python3
05:18:15 AM     0     30768    0.00    1.00    0.00    0.00    1.00     0  python3
05:18:16 AM     0     30768    0.00    1.98    0.00    0.99    1.98     2  python3
05:18:17 AM     0     30768    0.00    0.00    0.00    0.00    0.00     5  python3
05:18:18 AM     0     30768    0.00    0.00    0.00    0.00    0.00     5  python3
05:18:19 AM     0     30768    0.00    0.00    0.00    0.00    0.00     5  python3
05:18:20 AM     0     30768    0.00    0.00    0.00    0.00    0.00     5  python3
05:18:21 AM     0     30768    0.00    0.00    0.00    0.00    0.00     5  python3
05:18:22 AM     0     30768    0.00    0.00    0.00    0.00    0.00     5  python3
05:18:23 AM     0     30768    0.00    0.00    0.00    0.00    0.00     5  python3
05:18:24 AM     0     30768    0.00    0.00    0.00    0.00    0.00     5  python3
